<?xml version="1.0" encoding="UTF-8"?>
<testsuites name="Mocha Tests" time="12.2770" tests="4" failures="0">
  <testsuite name="Root Suite" timestamp="2021-11-26T08:52:03" tests="0" file="cypress/integration/End2EndTest.spec.js" time="0.0000" failures="0">
  </testsuite>
  <testsuite name="Test - 1" timestamp="2021-11-26T08:52:03" tests="1" time="8.2170" failures="0">
    <testcase name="Test - 1 Testing Menu" time="8.4240" classname="Testing Menu">
    </testcase>
  </testsuite>
  <testsuite name="Test - 2" timestamp="2021-11-26T08:52:12" tests="1" time="2.8070" failures="0">
    <testcase name="Test - 2 Testing Body" time="2.7710" classname="Testing Body">
    </testcase>
  </testsuite>
  <testsuite name="Test backend - 3" timestamp="2021-11-26T08:52:14" tests="1" time="0.4600" failures="0">
    <testcase name="Test backend - 3 Mocking Network" time="0.4700" classname="Mocking Network">
    </testcase>
  </testsuite>
  <testsuite name="Testing API Endpoints" timestamp="2021-11-26T08:52:15" tests="1" time="0.5390" failures="0">
    <testcase name="Testing API Endpoints Test Get Request" time="0.5590" classname="Test Get Request">
    </testcase>
  </testsuite>
</testsuites>